2024-12-12T00:03:38.044+01:00  INFO 20664 --- [bookit] [restartedMain] d.gajownik.bookit.BookitApplicationKt    : Starting BookitApplicationKt using Java 17.0.13 with PID 20664 (C:\Users\dawid\Desktop\java\bookit\target\classes started by dawid in C:\Users\dawid\Desktop\java\bookit)
2024-12-12T00:03:38.045+01:00  INFO 20664 --- [bookit] [restartedMain] d.gajownik.bookit.BookitApplicationKt    : No active profile set, falling back to 1 default profile: "default"
2024-12-12T00:03:38.073+01:00  INFO 20664 --- [bookit] [restartedMain] .e.DevToolsPropertyDefaultsPostProcessor : Devtools property defaults active! Set 'spring.devtools.add-properties' to 'false' to disable
2024-12-12T00:03:38.073+01:00  INFO 20664 --- [bookit] [restartedMain] .e.DevToolsPropertyDefaultsPostProcessor : For additional web related logging consider setting the 'logging.level.web' property to 'DEBUG'
2024-12-12T00:03:38.562+01:00  INFO 20664 --- [bookit] [restartedMain] .s.d.r.c.RepositoryConfigurationDelegate : Bootstrapping Spring Data JPA repositories in DEFAULT mode.
2024-12-12T00:03:38.588+01:00  INFO 20664 --- [bookit] [restartedMain] .s.d.r.c.RepositoryConfigurationDelegate : Finished Spring Data repository scanning in 22 ms. Found 1 JPA repository interface.
2024-12-12T00:03:38.841+01:00  INFO 20664 --- [bookit] [restartedMain] o.s.b.w.embedded.tomcat.TomcatWebServer  : Tomcat initialized with port 8080 (http)
2024-12-12T00:03:38.848+01:00  INFO 20664 --- [bookit] [restartedMain] o.apache.catalina.core.StandardService   : Starting service [Tomcat]
2024-12-12T00:03:38.848+01:00  INFO 20664 --- [bookit] [restartedMain] o.apache.catalina.core.StandardEngine    : Starting Servlet engine: [Apache Tomcat/10.1.33]
2024-12-12T00:03:38.869+01:00  INFO 20664 --- [bookit] [restartedMain] o.a.c.c.C.[Tomcat].[localhost].[/]       : Initializing Spring embedded WebApplicationContext
2024-12-12T00:03:38.870+01:00  INFO 20664 --- [bookit] [restartedMain] w.s.c.ServletWebServerApplicationContext : Root WebApplicationContext: initialization completed in 795 ms
2024-12-12T00:03:38.963+01:00  INFO 20664 --- [bookit] [restartedMain] o.hibernate.jpa.internal.util.LogHelper  : HHH000204: Processing PersistenceUnitInfo [name: default]
2024-12-12T00:03:38.988+01:00  INFO 20664 --- [bookit] [restartedMain] org.hibernate.Version                    : HHH000412: Hibernate ORM core version 6.6.2.Final
2024-12-12T00:03:39.003+01:00  INFO 20664 --- [bookit] [restartedMain] o.h.c.internal.RegionFactoryInitiator    : HHH000026: Second-level cache disabled
2024-12-12T00:03:39.129+01:00  INFO 20664 --- [bookit] [restartedMain] o.s.o.j.p.SpringPersistenceUnitInfo      : No LoadTimeWeaver setup: ignoring JPA class transformer
2024-12-12T00:03:39.143+01:00  INFO 20664 --- [bookit] [restartedMain] com.zaxxer.hikari.HikariDataSource       : HikariPool-1 - Starting...
2024-12-12T00:03:39.275+01:00  INFO 20664 --- [bookit] [restartedMain] com.zaxxer.hikari.pool.HikariPool        : HikariPool-1 - Added connection com.mysql.cj.jdbc.ConnectionImpl@441564c1
2024-12-12T00:03:39.276+01:00  INFO 20664 --- [bookit] [restartedMain] com.zaxxer.hikari.HikariDataSource       : HikariPool-1 - Start completed.
2024-12-12T00:03:39.320+01:00  INFO 20664 --- [bookit] [restartedMain] org.hibernate.orm.connections.pooling    : HHH10001005: Database info:
	Database JDBC URL [Connecting through datasource 'HikariDataSource (HikariPool-1)']
	Database driver: undefined/unknown
	Database version: 8.0.39
	Autocommit mode: undefined/unknown
	Isolation level: undefined/unknown
	Minimum pool size: undefined/unknown
	Maximum pool size: undefined/unknown
2024-12-12T00:03:39.698+01:00  INFO 20664 --- [bookit] [restartedMain] o.h.e.t.j.p.i.JtaPlatformInitiator       : HHH000489: No JTA platform available (set 'hibernate.transaction.jta.platform' to enable JTA platform integration)
2024-12-12T00:03:39.719+01:00  INFO 20664 --- [bookit] [restartedMain] j.LocalContainerEntityManagerFactoryBean : Initialized JPA EntityManagerFactory for persistence unit 'default'
2024-12-12T00:03:39.979+01:00  WARN 20664 --- [bookit] [restartedMain] JpaBaseConfiguration$JpaWebConfiguration : spring.jpa.open-in-view is enabled by default. Therefore, database queries may be performed during view rendering. Explicitly configure spring.jpa.open-in-view to disable this warning
2024-12-12T00:03:39.993+01:00  INFO 20664 --- [bookit] [restartedMain] r$InitializeUserDetailsManagerConfigurer : Global AuthenticationManager configured with UserDetailsService bean with name customUserDetailsService
2024-12-12T00:03:40.027+01:00  INFO 20664 --- [bookit] [restartedMain] o.s.b.a.w.s.WelcomePageHandlerMapping    : Adding welcome page template: index
2024-12-12T00:03:40.239+01:00  INFO 20664 --- [bookit] [restartedMain] o.s.b.d.a.OptionalLiveReloadServer       : LiveReload server is running on port 35729
2024-12-12T00:03:40.258+01:00  INFO 20664 --- [bookit] [restartedMain] o.s.b.w.embedded.tomcat.TomcatWebServer  : Tomcat started on port 8080 (http) with context path '/'
2024-12-12T00:03:40.262+01:00  INFO 20664 --- [bookit] [restartedMain] d.gajownik.bookit.BookitApplicationKt    : Started BookitApplicationKt in 2.418 seconds (process running for 2.692)
2024-12-12T00:03:50.377+01:00  INFO 20664 --- [bookit] [http-nio-8080-exec-1] o.a.c.c.C.[Tomcat].[localhost].[/]       : Initializing Spring DispatcherServlet 'dispatcherServlet'
2024-12-12T00:03:50.377+01:00  INFO 20664 --- [bookit] [http-nio-8080-exec-1] o.s.web.servlet.DispatcherServlet        : Initializing Servlet 'dispatcherServlet'
2024-12-12T00:03:50.377+01:00  INFO 20664 --- [bookit] [http-nio-8080-exec-1] o.s.web.servlet.DispatcherServlet        : Completed initialization in 0 ms
2024-12-12T00:05:48.769+01:00  INFO 20664 --- [bookit] [SpringApplicationShutdownHook] o.s.b.w.e.tomcat.GracefulShutdown        : Commencing graceful shutdown. Waiting for active requests to complete
2024-12-12T00:05:48.898+01:00  INFO 20664 --- [bookit] [tomcat-shutdown] o.s.b.w.e.tomcat.GracefulShutdown        : Graceful shutdown complete
2024-12-12T00:05:48.900+01:00  INFO 20664 --- [bookit] [SpringApplicationShutdownHook] j.LocalContainerEntityManagerFactoryBean : Closing JPA EntityManagerFactory for persistence unit 'default'
2024-12-12T00:05:48.902+01:00  INFO 20664 --- [bookit] [SpringApplicationShutdownHook] com.zaxxer.hikari.HikariDataSource       : HikariPool-1 - Shutdown initiated...
2024-12-12T00:05:48.905+01:00  INFO 20664 --- [bookit] [SpringApplicationShutdownHook] com.zaxxer.hikari.HikariDataSource       : HikariPool-1 - Shutdown completed.
2024-12-12T00:05:51.249+01:00  INFO 31732 --- [bookit] [restartedMain] d.gajownik.bookit.BookitApplicationKt    : Starting BookitApplicationKt using Java 17.0.13 with PID 31732 (C:\Users\dawid\Desktop\java\bookit\target\classes started by dawid in C:\Users\dawid\Desktop\java\bookit)
2024-12-12T00:05:51.251+01:00  INFO 31732 --- [bookit] [restartedMain] d.gajownik.bookit.BookitApplicationKt    : No active profile set, falling back to 1 default profile: "default"
2024-12-12T00:05:51.287+01:00  INFO 31732 --- [bookit] [restartedMain] .e.DevToolsPropertyDefaultsPostProcessor : Devtools property defaults active! Set 'spring.devtools.add-properties' to 'false' to disable
2024-12-12T00:05:51.287+01:00  INFO 31732 --- [bookit] [restartedMain] .e.DevToolsPropertyDefaultsPostProcessor : For additional web related logging consider setting the 'logging.level.web' property to 'DEBUG'
2024-12-12T00:05:51.826+01:00  INFO 31732 --- [bookit] [restartedMain] .s.d.r.c.RepositoryConfigurationDelegate : Bootstrapping Spring Data JPA repositories in DEFAULT mode.
2024-12-12T00:05:51.852+01:00  INFO 31732 --- [bookit] [restartedMain] .s.d.r.c.RepositoryConfigurationDelegate : Finished Spring Data repository scanning in 20 ms. Found 1 JPA repository interface.
2024-12-12T00:05:52.120+01:00  INFO 31732 --- [bookit] [restartedMain] o.s.b.w.embedded.tomcat.TomcatWebServer  : Tomcat initialized with port 8080 (http)
2024-12-12T00:05:52.127+01:00  INFO 31732 --- [bookit] [restartedMain] o.apache.catalina.core.StandardService   : Starting service [Tomcat]
2024-12-12T00:05:52.127+01:00  INFO 31732 --- [bookit] [restartedMain] o.apache.catalina.core.StandardEngine    : Starting Servlet engine: [Apache Tomcat/10.1.33]
2024-12-12T00:05:52.153+01:00  INFO 31732 --- [bookit] [restartedMain] o.a.c.c.C.[Tomcat].[localhost].[/]       : Initializing Spring embedded WebApplicationContext
2024-12-12T00:05:52.153+01:00  INFO 31732 --- [bookit] [restartedMain] w.s.c.ServletWebServerApplicationContext : Root WebApplicationContext: initialization completed in 865 ms
2024-12-12T00:05:52.254+01:00  INFO 31732 --- [bookit] [restartedMain] o.hibernate.jpa.internal.util.LogHelper  : HHH000204: Processing PersistenceUnitInfo [name: default]
2024-12-12T00:05:52.279+01:00  INFO 31732 --- [bookit] [restartedMain] org.hibernate.Version                    : HHH000412: Hibernate ORM core version 6.6.2.Final
2024-12-12T00:05:52.295+01:00  INFO 31732 --- [bookit] [restartedMain] o.h.c.internal.RegionFactoryInitiator    : HHH000026: Second-level cache disabled
2024-12-12T00:05:52.421+01:00  INFO 31732 --- [bookit] [restartedMain] o.s.o.j.p.SpringPersistenceUnitInfo      : No LoadTimeWeaver setup: ignoring JPA class transformer
2024-12-12T00:05:52.436+01:00  INFO 31732 --- [bookit] [restartedMain] com.zaxxer.hikari.HikariDataSource       : HikariPool-1 - Starting...
2024-12-12T00:05:52.570+01:00  INFO 31732 --- [bookit] [restartedMain] com.zaxxer.hikari.pool.HikariPool        : HikariPool-1 - Added connection com.mysql.cj.jdbc.ConnectionImpl@338660b7
2024-12-12T00:05:52.571+01:00  INFO 31732 --- [bookit] [restartedMain] com.zaxxer.hikari.HikariDataSource       : HikariPool-1 - Start completed.
2024-12-12T00:05:52.612+01:00  INFO 31732 --- [bookit] [restartedMain] org.hibernate.orm.connections.pooling    : HHH10001005: Database info:
	Database JDBC URL [Connecting through datasource 'HikariDataSource (HikariPool-1)']
	Database driver: undefined/unknown
	Database version: 8.0.39
	Autocommit mode: undefined/unknown
	Isolation level: undefined/unknown
	Minimum pool size: undefined/unknown
	Maximum pool size: undefined/unknown
2024-12-12T00:05:52.996+01:00  INFO 31732 --- [bookit] [restartedMain] o.h.e.t.j.p.i.JtaPlatformInitiator       : HHH000489: No JTA platform available (set 'hibernate.transaction.jta.platform' to enable JTA platform integration)
2024-12-12T00:05:53.018+01:00  INFO 31732 --- [bookit] [restartedMain] j.LocalContainerEntityManagerFactoryBean : Initialized JPA EntityManagerFactory for persistence unit 'default'
2024-12-12T00:05:53.275+01:00  WARN 31732 --- [bookit] [restartedMain] JpaBaseConfiguration$JpaWebConfiguration : spring.jpa.open-in-view is enabled by default. Therefore, database queries may be performed during view rendering. Explicitly configure spring.jpa.open-in-view to disable this warning
2024-12-12T00:05:53.290+01:00  INFO 31732 --- [bookit] [restartedMain] r$InitializeUserDetailsManagerConfigurer : Global AuthenticationManager configured with UserDetailsService bean with name customUserDetailsService
2024-12-12T00:05:53.324+01:00  INFO 31732 --- [bookit] [restartedMain] o.s.b.a.w.s.WelcomePageHandlerMapping    : Adding welcome page template: index
2024-12-12T00:05:53.519+01:00  INFO 31732 --- [bookit] [restartedMain] o.s.b.d.a.OptionalLiveReloadServer       : LiveReload server is running on port 35729
2024-12-12T00:05:53.536+01:00  INFO 31732 --- [bookit] [restartedMain] o.s.b.w.embedded.tomcat.TomcatWebServer  : Tomcat started on port 8080 (http) with context path '/'
2024-12-12T00:05:53.540+01:00  INFO 31732 --- [bookit] [restartedMain] d.gajownik.bookit.BookitApplicationKt    : Started BookitApplicationKt in 2.509 seconds (process running for 2.792)
2024-12-12T00:05:54.534+01:00  INFO 31732 --- [bookit] [http-nio-8080-exec-1] o.a.c.c.C.[Tomcat].[localhost].[/]       : Initializing Spring DispatcherServlet 'dispatcherServlet'
2024-12-12T00:05:54.535+01:00  INFO 31732 --- [bookit] [http-nio-8080-exec-1] o.s.web.servlet.DispatcherServlet        : Initializing Servlet 'dispatcherServlet'
2024-12-12T00:05:54.535+01:00  INFO 31732 --- [bookit] [http-nio-8080-exec-1] o.s.web.servlet.DispatcherServlet        : Completed initialization in 0 ms
2024-12-12T00:06:21.568+01:00  INFO 31732 --- [bookit] [SpringApplicationShutdownHook] o.s.b.w.e.tomcat.GracefulShutdown        : Commencing graceful shutdown. Waiting for active requests to complete
2024-12-12T00:06:21.696+01:00  INFO 31732 --- [bookit] [tomcat-shutdown] o.s.b.w.e.tomcat.GracefulShutdown        : Graceful shutdown complete
2024-12-12T00:06:21.698+01:00  INFO 31732 --- [bookit] [SpringApplicationShutdownHook] j.LocalContainerEntityManagerFactoryBean : Closing JPA EntityManagerFactory for persistence unit 'default'
2024-12-12T00:06:21.700+01:00  INFO 31732 --- [bookit] [SpringApplicationShutdownHook] com.zaxxer.hikari.HikariDataSource       : HikariPool-1 - Shutdown initiated...
2024-12-12T00:06:21.703+01:00  INFO 31732 --- [bookit] [SpringApplicationShutdownHook] com.zaxxer.hikari.HikariDataSource       : HikariPool-1 - Shutdown completed.
2024-12-12T00:06:23.978+01:00  INFO 30408 --- [bookit] [restartedMain] d.gajownik.bookit.BookitApplicationKt    : Starting BookitApplicationKt using Java 17.0.13 with PID 30408 (C:\Users\dawid\Desktop\java\bookit\target\classes started by dawid in C:\Users\dawid\Desktop\java\bookit)
2024-12-12T00:06:23.979+01:00  INFO 30408 --- [bookit] [restartedMain] d.gajownik.bookit.BookitApplicationKt    : No active profile set, falling back to 1 default profile: "default"
2024-12-12T00:06:24.010+01:00  INFO 30408 --- [bookit] [restartedMain] .e.DevToolsPropertyDefaultsPostProcessor : Devtools property defaults active! Set 'spring.devtools.add-properties' to 'false' to disable
2024-12-12T00:06:24.010+01:00  INFO 30408 --- [bookit] [restartedMain] .e.DevToolsPropertyDefaultsPostProcessor : For additional web related logging consider setting the 'logging.level.web' property to 'DEBUG'
2024-12-12T00:06:24.496+01:00  INFO 30408 --- [bookit] [restartedMain] .s.d.r.c.RepositoryConfigurationDelegate : Bootstrapping Spring Data JPA repositories in DEFAULT mode.
2024-12-12T00:06:24.521+01:00  INFO 30408 --- [bookit] [restartedMain] .s.d.r.c.RepositoryConfigurationDelegate : Finished Spring Data repository scanning in 20 ms. Found 1 JPA repository interface.
2024-12-12T00:06:24.779+01:00  INFO 30408 --- [bookit] [restartedMain] o.s.b.w.embedded.tomcat.TomcatWebServer  : Tomcat initialized with port 8080 (http)
2024-12-12T00:06:24.785+01:00  INFO 30408 --- [bookit] [restartedMain] o.apache.catalina.core.StandardService   : Starting service [Tomcat]
2024-12-12T00:06:24.786+01:00  INFO 30408 --- [bookit] [restartedMain] o.apache.catalina.core.StandardEngine    : Starting Servlet engine: [Apache Tomcat/10.1.33]
2024-12-12T00:06:24.812+01:00  INFO 30408 --- [bookit] [restartedMain] o.a.c.c.C.[Tomcat].[localhost].[/]       : Initializing Spring embedded WebApplicationContext
2024-12-12T00:06:24.812+01:00  INFO 30408 --- [bookit] [restartedMain] w.s.c.ServletWebServerApplicationContext : Root WebApplicationContext: initialization completed in 802 ms
2024-12-12T00:06:24.904+01:00  INFO 30408 --- [bookit] [restartedMain] o.hibernate.jpa.internal.util.LogHelper  : HHH000204: Processing PersistenceUnitInfo [name: default]
2024-12-12T00:06:24.926+01:00  INFO 30408 --- [bookit] [restartedMain] org.hibernate.Version                    : HHH000412: Hibernate ORM core version 6.6.2.Final
2024-12-12T00:06:24.940+01:00  INFO 30408 --- [bookit] [restartedMain] o.h.c.internal.RegionFactoryInitiator    : HHH000026: Second-level cache disabled
2024-12-12T00:06:25.061+01:00  INFO 30408 --- [bookit] [restartedMain] o.s.o.j.p.SpringPersistenceUnitInfo      : No LoadTimeWeaver setup: ignoring JPA class transformer
2024-12-12T00:06:25.075+01:00  INFO 30408 --- [bookit] [restartedMain] com.zaxxer.hikari.HikariDataSource       : HikariPool-1 - Starting...
2024-12-12T00:06:25.210+01:00  INFO 30408 --- [bookit] [restartedMain] com.zaxxer.hikari.pool.HikariPool        : HikariPool-1 - Added connection com.mysql.cj.jdbc.ConnectionImpl@5181b3e4
2024-12-12T00:06:25.211+01:00  INFO 30408 --- [bookit] [restartedMain] com.zaxxer.hikari.HikariDataSource       : HikariPool-1 - Start completed.
2024-12-12T00:06:25.255+01:00  INFO 30408 --- [bookit] [restartedMain] org.hibernate.orm.connections.pooling    : HHH10001005: Database info:
	Database JDBC URL [Connecting through datasource 'HikariDataSource (HikariPool-1)']
	Database driver: undefined/unknown
	Database version: 8.0.39
	Autocommit mode: undefined/unknown
	Isolation level: undefined/unknown
	Minimum pool size: undefined/unknown
	Maximum pool size: undefined/unknown
2024-12-12T00:06:25.630+01:00  INFO 30408 --- [bookit] [restartedMain] o.h.e.t.j.p.i.JtaPlatformInitiator       : HHH000489: No JTA platform available (set 'hibernate.transaction.jta.platform' to enable JTA platform integration)
2024-12-12T00:06:25.651+01:00  INFO 30408 --- [bookit] [restartedMain] j.LocalContainerEntityManagerFactoryBean : Initialized JPA EntityManagerFactory for persistence unit 'default'
2024-12-12T00:06:25.913+01:00  WARN 30408 --- [bookit] [restartedMain] JpaBaseConfiguration$JpaWebConfiguration : spring.jpa.open-in-view is enabled by default. Therefore, database queries may be performed during view rendering. Explicitly configure spring.jpa.open-in-view to disable this warning
2024-12-12T00:06:25.928+01:00  INFO 30408 --- [bookit] [restartedMain] r$InitializeUserDetailsManagerConfigurer : Global AuthenticationManager configured with UserDetailsService bean with name customUserDetailsService
2024-12-12T00:06:25.964+01:00  INFO 30408 --- [bookit] [restartedMain] o.s.b.a.w.s.WelcomePageHandlerMapping    : Adding welcome page template: index
2024-12-12T00:06:26.184+01:00  INFO 30408 --- [bookit] [restartedMain] o.s.b.d.a.OptionalLiveReloadServer       : LiveReload server is running on port 35729
2024-12-12T00:06:26.205+01:00  INFO 30408 --- [bookit] [restartedMain] o.s.b.w.embedded.tomcat.TomcatWebServer  : Tomcat started on port 8080 (http) with context path '/'
2024-12-12T00:06:26.209+01:00  INFO 30408 --- [bookit] [restartedMain] d.gajownik.bookit.BookitApplicationKt    : Started BookitApplicationKt in 2.427 seconds (process running for 2.701)
2024-12-12T00:06:27.998+01:00  INFO 30408 --- [bookit] [http-nio-8080-exec-1] o.a.c.c.C.[Tomcat].[localhost].[/]       : Initializing Spring DispatcherServlet 'dispatcherServlet'
2024-12-12T00:06:27.998+01:00  INFO 30408 --- [bookit] [http-nio-8080-exec-1] o.s.web.servlet.DispatcherServlet        : Initializing Servlet 'dispatcherServlet'
2024-12-12T00:06:27.999+01:00  INFO 30408 --- [bookit] [http-nio-8080-exec-1] o.s.web.servlet.DispatcherServlet        : Completed initialization in 1 ms
2024-12-12T00:06:53.846+01:00  INFO 30408 --- [bookit] [SpringApplicationShutdownHook] o.s.b.w.e.tomcat.GracefulShutdown        : Commencing graceful shutdown. Waiting for active requests to complete
2024-12-12T00:06:53.970+01:00  INFO 30408 --- [bookit] [tomcat-shutdown] o.s.b.w.e.tomcat.GracefulShutdown        : Graceful shutdown complete
2024-12-12T00:06:53.974+01:00  INFO 30408 --- [bookit] [SpringApplicationShutdownHook] j.LocalContainerEntityManagerFactoryBean : Closing JPA EntityManagerFactory for persistence unit 'default'
2024-12-12T00:06:53.975+01:00  INFO 30408 --- [bookit] [SpringApplicationShutdownHook] com.zaxxer.hikari.HikariDataSource       : HikariPool-1 - Shutdown initiated...
2024-12-12T00:06:53.979+01:00  INFO 30408 --- [bookit] [SpringApplicationShutdownHook] com.zaxxer.hikari.HikariDataSource       : HikariPool-1 - Shutdown completed.
2024-12-12T00:06:56.312+01:00  INFO 29712 --- [bookit] [restartedMain] d.gajownik.bookit.BookitApplicationKt    : Starting BookitApplicationKt using Java 17.0.13 with PID 29712 (C:\Users\dawid\Desktop\java\bookit\target\classes started by dawid in C:\Users\dawid\Desktop\java\bookit)
2024-12-12T00:06:56.313+01:00  INFO 29712 --- [bookit] [restartedMain] d.gajownik.bookit.BookitApplicationKt    : No active profile set, falling back to 1 default profile: "default"
2024-12-12T00:06:56.342+01:00  INFO 29712 --- [bookit] [restartedMain] .e.DevToolsPropertyDefaultsPostProcessor : Devtools property defaults active! Set 'spring.devtools.add-properties' to 'false' to disable
2024-12-12T00:06:56.342+01:00  INFO 29712 --- [bookit] [restartedMain] .e.DevToolsPropertyDefaultsPostProcessor : For additional web related logging consider setting the 'logging.level.web' property to 'DEBUG'
2024-12-12T00:06:56.866+01:00  INFO 29712 --- [bookit] [restartedMain] .s.d.r.c.RepositoryConfigurationDelegate : Bootstrapping Spring Data JPA repositories in DEFAULT mode.
2024-12-12T00:06:56.891+01:00  INFO 29712 --- [bookit] [restartedMain] .s.d.r.c.RepositoryConfigurationDelegate : Finished Spring Data repository scanning in 19 ms. Found 1 JPA repository interface.
2024-12-12T00:06:57.155+01:00  INFO 29712 --- [bookit] [restartedMain] o.s.b.w.embedded.tomcat.TomcatWebServer  : Tomcat initialized with port 8080 (http)
2024-12-12T00:06:57.162+01:00  INFO 29712 --- [bookit] [restartedMain] o.apache.catalina.core.StandardService   : Starting service [Tomcat]
2024-12-12T00:06:57.162+01:00  INFO 29712 --- [bookit] [restartedMain] o.apache.catalina.core.StandardEngine    : Starting Servlet engine: [Apache Tomcat/10.1.33]
2024-12-12T00:06:57.187+01:00  INFO 29712 --- [bookit] [restartedMain] o.a.c.c.C.[Tomcat].[localhost].[/]       : Initializing Spring embedded WebApplicationContext
2024-12-12T00:06:57.187+01:00  INFO 29712 --- [bookit] [restartedMain] w.s.c.ServletWebServerApplicationContext : Root WebApplicationContext: initialization completed in 845 ms
2024-12-12T00:06:57.283+01:00  INFO 29712 --- [bookit] [restartedMain] o.hibernate.jpa.internal.util.LogHelper  : HHH000204: Processing PersistenceUnitInfo [name: default]
2024-12-12T00:06:57.307+01:00  INFO 29712 --- [bookit] [restartedMain] org.hibernate.Version                    : HHH000412: Hibernate ORM core version 6.6.2.Final
2024-12-12T00:06:57.321+01:00  INFO 29712 --- [bookit] [restartedMain] o.h.c.internal.RegionFactoryInitiator    : HHH000026: Second-level cache disabled
2024-12-12T00:06:57.443+01:00  INFO 29712 --- [bookit] [restartedMain] o.s.o.j.p.SpringPersistenceUnitInfo      : No LoadTimeWeaver setup: ignoring JPA class transformer
2024-12-12T00:06:57.457+01:00  INFO 29712 --- [bookit] [restartedMain] com.zaxxer.hikari.HikariDataSource       : HikariPool-1 - Starting...
2024-12-12T00:06:57.588+01:00  INFO 29712 --- [bookit] [restartedMain] com.zaxxer.hikari.pool.HikariPool        : HikariPool-1 - Added connection com.mysql.cj.jdbc.ConnectionImpl@5181b3e4
2024-12-12T00:06:57.589+01:00  INFO 29712 --- [bookit] [restartedMain] com.zaxxer.hikari.HikariDataSource       : HikariPool-1 - Start completed.
2024-12-12T00:06:57.636+01:00  INFO 29712 --- [bookit] [restartedMain] org.hibernate.orm.connections.pooling    : HHH10001005: Database info:
	Database JDBC URL [Connecting through datasource 'HikariDataSource (HikariPool-1)']
	Database driver: undefined/unknown
	Database version: 8.0.39
	Autocommit mode: undefined/unknown
	Isolation level: undefined/unknown
	Minimum pool size: undefined/unknown
	Maximum pool size: undefined/unknown
2024-12-12T00:06:58.005+01:00  INFO 29712 --- [bookit] [restartedMain] o.h.e.t.j.p.i.JtaPlatformInitiator       : HHH000489: No JTA platform available (set 'hibernate.transaction.jta.platform' to enable JTA platform integration)
2024-12-12T00:06:58.028+01:00  INFO 29712 --- [bookit] [restartedMain] j.LocalContainerEntityManagerFactoryBean : Initialized JPA EntityManagerFactory for persistence unit 'default'
2024-12-12T00:06:58.283+01:00  WARN 29712 --- [bookit] [restartedMain] JpaBaseConfiguration$JpaWebConfiguration : spring.jpa.open-in-view is enabled by default. Therefore, database queries may be performed during view rendering. Explicitly configure spring.jpa.open-in-view to disable this warning
2024-12-12T00:06:58.297+01:00  INFO 29712 --- [bookit] [restartedMain] r$InitializeUserDetailsManagerConfigurer : Global AuthenticationManager configured with UserDetailsService bean with name customUserDetailsService
2024-12-12T00:06:58.332+01:00  INFO 29712 --- [bookit] [restartedMain] o.s.b.a.w.s.WelcomePageHandlerMapping    : Adding welcome page template: index
2024-12-12T00:06:58.535+01:00  INFO 29712 --- [bookit] [restartedMain] o.s.b.d.a.OptionalLiveReloadServer       : LiveReload server is running on port 35729
2024-12-12T00:06:58.553+01:00  INFO 29712 --- [bookit] [restartedMain] o.s.b.w.embedded.tomcat.TomcatWebServer  : Tomcat started on port 8080 (http) with context path '/'
2024-12-12T00:06:58.558+01:00  INFO 29712 --- [bookit] [restartedMain] d.gajownik.bookit.BookitApplicationKt    : Started BookitApplicationKt in 2.464 seconds (process running for 2.763)
2024-12-12T00:06:59.591+01:00  INFO 29712 --- [bookit] [http-nio-8080-exec-1] o.a.c.c.C.[Tomcat].[localhost].[/]       : Initializing Spring DispatcherServlet 'dispatcherServlet'
2024-12-12T00:06:59.591+01:00  INFO 29712 --- [bookit] [http-nio-8080-exec-1] o.s.web.servlet.DispatcherServlet        : Initializing Servlet 'dispatcherServlet'
2024-12-12T00:06:59.592+01:00  INFO 29712 --- [bookit] [http-nio-8080-exec-1] o.s.web.servlet.DispatcherServlet        : Completed initialization in 1 ms
2024-12-12T00:07:11.190+01:00  INFO 29712 --- [bookit] [File Watcher] rtingClassPathChangeChangedEventListener : Restarting due to 2 class path changes (0 additions, 0 deletions, 2 modifications)
2024-12-12T00:07:11.193+01:00  INFO 29712 --- [bookit] [Thread-5] o.s.b.w.e.tomcat.GracefulShutdown        : Commencing graceful shutdown. Waiting for active requests to complete
2024-12-12T00:07:11.376+01:00  INFO 29712 --- [bookit] [tomcat-shutdown] o.s.b.w.e.tomcat.GracefulShutdown        : Graceful shutdown complete
2024-12-12T00:07:11.381+01:00  INFO 29712 --- [bookit] [Thread-5] j.LocalContainerEntityManagerFactoryBean : Closing JPA EntityManagerFactory for persistence unit 'default'
2024-12-12T00:07:11.383+01:00  INFO 29712 --- [bookit] [Thread-5] com.zaxxer.hikari.HikariDataSource       : HikariPool-1 - Shutdown initiated...
2024-12-12T00:07:11.387+01:00  INFO 29712 --- [bookit] [Thread-5] com.zaxxer.hikari.HikariDataSource       : HikariPool-1 - Shutdown completed.
2024-12-12T00:07:11.450+01:00  INFO 29712 --- [bookit] [restartedMain] d.gajownik.bookit.BookitApplicationKt    : Starting BookitApplicationKt using Java 17.0.13 with PID 29712 (C:\Users\dawid\Desktop\java\bookit\target\classes started by dawid in C:\Users\dawid\Desktop\java\bookit)
2024-12-12T00:07:11.450+01:00  INFO 29712 --- [bookit] [restartedMain] d.gajownik.bookit.BookitApplicationKt    : No active profile set, falling back to 1 default profile: "default"
2024-12-12T00:07:11.578+01:00  INFO 29712 --- [bookit] [restartedMain] .s.d.r.c.RepositoryConfigurationDelegate : Bootstrapping Spring Data JPA repositories in DEFAULT mode.
2024-12-12T00:07:11.582+01:00  INFO 29712 --- [bookit] [restartedMain] .s.d.r.c.RepositoryConfigurationDelegate : Finished Spring Data repository scanning in 3 ms. Found 1 JPA repository interface.
2024-12-12T00:07:11.633+01:00  INFO 29712 --- [bookit] [restartedMain] o.s.b.w.embedded.tomcat.TomcatWebServer  : Tomcat initialized with port 8080 (http)
2024-12-12T00:07:11.633+01:00  INFO 29712 --- [bookit] [restartedMain] o.apache.catalina.core.StandardService   : Starting service [Tomcat]
2024-12-12T00:07:11.634+01:00  INFO 29712 --- [bookit] [restartedMain] o.apache.catalina.core.StandardEngine    : Starting Servlet engine: [Apache Tomcat/10.1.33]
2024-12-12T00:07:11.643+01:00  INFO 29712 --- [bookit] [restartedMain] o.a.c.c.C.[Tomcat].[localhost].[/]       : Initializing Spring embedded WebApplicationContext
2024-12-12T00:07:11.644+01:00  INFO 29712 --- [bookit] [restartedMain] w.s.c.ServletWebServerApplicationContext : Root WebApplicationContext: initialization completed in 192 ms
2024-12-12T00:07:11.672+01:00  INFO 29712 --- [bookit] [restartedMain] o.hibernate.jpa.internal.util.LogHelper  : HHH000204: Processing PersistenceUnitInfo [name: default]
2024-12-12T00:07:11.674+01:00  INFO 29712 --- [bookit] [restartedMain] o.h.c.internal.RegionFactoryInitiator    : HHH000026: Second-level cache disabled
2024-12-12T00:07:11.685+01:00  INFO 29712 --- [bookit] [restartedMain] o.s.o.j.p.SpringPersistenceUnitInfo      : No LoadTimeWeaver setup: ignoring JPA class transformer
2024-12-12T00:07:11.686+01:00  INFO 29712 --- [bookit] [restartedMain] com.zaxxer.hikari.HikariDataSource       : HikariPool-2 - Starting...
2024-12-12T00:07:11.695+01:00  INFO 29712 --- [bookit] [restartedMain] com.zaxxer.hikari.pool.HikariPool        : HikariPool-2 - Added connection com.mysql.cj.jdbc.ConnectionImpl@2bf12594
2024-12-12T00:07:11.695+01:00  INFO 29712 --- [bookit] [restartedMain] com.zaxxer.hikari.HikariDataSource       : HikariPool-2 - Start completed.
2024-12-12T00:07:11.696+01:00  INFO 29712 --- [bookit] [restartedMain] org.hibernate.orm.connections.pooling    : HHH10001005: Database info:
	Database JDBC URL [Connecting through datasource 'HikariDataSource (HikariPool-2)']
	Database driver: undefined/unknown
	Database version: 8.0.39
	Autocommit mode: undefined/unknown
	Isolation level: undefined/unknown
	Minimum pool size: undefined/unknown
	Maximum pool size: undefined/unknown
2024-12-12T00:07:11.718+01:00  INFO 29712 --- [bookit] [restartedMain] o.h.e.t.j.p.i.JtaPlatformInitiator       : HHH000489: No JTA platform available (set 'hibernate.transaction.jta.platform' to enable JTA platform integration)
2024-12-12T00:07:11.721+01:00  INFO 29712 --- [bookit] [restartedMain] j.LocalContainerEntityManagerFactoryBean : Initialized JPA EntityManagerFactory for persistence unit 'default'
2024-12-12T00:07:11.780+01:00  WARN 29712 --- [bookit] [restartedMain] JpaBaseConfiguration$JpaWebConfiguration : spring.jpa.open-in-view is enabled by default. Therefore, database queries may be performed during view rendering. Explicitly configure spring.jpa.open-in-view to disable this warning
2024-12-12T00:07:11.784+01:00  INFO 29712 --- [bookit] [restartedMain] r$InitializeUserDetailsManagerConfigurer : Global AuthenticationManager configured with UserDetailsService bean with name customUserDetailsService
2024-12-12T00:07:11.789+01:00  INFO 29712 --- [bookit] [restartedMain] o.s.b.a.w.s.WelcomePageHandlerMapping    : Adding welcome page template: index
2024-12-12T00:07:11.853+01:00  INFO 29712 --- [bookit] [restartedMain] o.s.b.d.a.OptionalLiveReloadServer       : LiveReload server is running on port 35729
2024-12-12T00:07:11.859+01:00  INFO 29712 --- [bookit] [restartedMain] o.s.b.w.embedded.tomcat.TomcatWebServer  : Tomcat started on port 8080 (http) with context path '/'
2024-12-12T00:07:11.861+01:00  INFO 29712 --- [bookit] [restartedMain] d.gajownik.bookit.BookitApplicationKt    : Started BookitApplicationKt in 0.435 seconds (process running for 16.067)
2024-12-12T00:07:11.862+01:00  INFO 29712 --- [bookit] [restartedMain] .ConditionEvaluationDeltaLoggingListener : Condition evaluation unchanged
2024-12-12T00:07:58.900+01:00  INFO 29712 --- [bookit] [SpringApplicationShutdownHook] o.s.b.w.e.tomcat.GracefulShutdown        : Commencing graceful shutdown. Waiting for active requests to complete
2024-12-12T00:07:59.025+01:00  INFO 29712 --- [bookit] [tomcat-shutdown] o.s.b.w.e.tomcat.GracefulShutdown        : Graceful shutdown complete
2024-12-12T00:07:59.027+01:00  INFO 29712 --- [bookit] [SpringApplicationShutdownHook] j.LocalContainerEntityManagerFactoryBean : Closing JPA EntityManagerFactory for persistence unit 'default'
2024-12-12T00:07:59.027+01:00  INFO 29712 --- [bookit] [SpringApplicationShutdownHook] com.zaxxer.hikari.HikariDataSource       : HikariPool-2 - Shutdown initiated...
2024-12-12T00:07:59.029+01:00  INFO 29712 --- [bookit] [SpringApplicationShutdownHook] com.zaxxer.hikari.HikariDataSource       : HikariPool-2 - Shutdown completed.
2024-12-12T00:08:00.700+01:00  INFO 34340 --- [bookit] [restartedMain] d.gajownik.bookit.BookitApplicationKt    : Starting BookitApplicationKt using Java 17.0.13 with PID 34340 (C:\Users\dawid\Desktop\java\bookit\target\classes started by dawid in C:\Users\dawid\Desktop\java\bookit)
2024-12-12T00:08:00.701+01:00  INFO 34340 --- [bookit] [restartedMain] d.gajownik.bookit.BookitApplicationKt    : No active profile set, falling back to 1 default profile: "default"
2024-12-12T00:08:00.728+01:00  INFO 34340 --- [bookit] [restartedMain] .e.DevToolsPropertyDefaultsPostProcessor : Devtools property defaults active! Set 'spring.devtools.add-properties' to 'false' to disable
2024-12-12T00:08:00.728+01:00  INFO 34340 --- [bookit] [restartedMain] .e.DevToolsPropertyDefaultsPostProcessor : For additional web related logging consider setting the 'logging.level.web' property to 'DEBUG'
2024-12-12T00:08:01.226+01:00  INFO 34340 --- [bookit] [restartedMain] .s.d.r.c.RepositoryConfigurationDelegate : Bootstrapping Spring Data JPA repositories in DEFAULT mode.
2024-12-12T00:08:01.252+01:00  INFO 34340 --- [bookit] [restartedMain] .s.d.r.c.RepositoryConfigurationDelegate : Finished Spring Data repository scanning in 22 ms. Found 1 JPA repository interface.
2024-12-12T00:08:01.513+01:00  INFO 34340 --- [bookit] [restartedMain] o.s.b.w.embedded.tomcat.TomcatWebServer  : Tomcat initialized with port 8080 (http)
2024-12-12T00:08:01.519+01:00  INFO 34340 --- [bookit] [restartedMain] o.apache.catalina.core.StandardService   : Starting service [Tomcat]
2024-12-12T00:08:01.519+01:00  INFO 34340 --- [bookit] [restartedMain] o.apache.catalina.core.StandardEngine    : Starting Servlet engine: [Apache Tomcat/10.1.33]
2024-12-12T00:08:01.543+01:00  INFO 34340 --- [bookit] [restartedMain] o.a.c.c.C.[Tomcat].[localhost].[/]       : Initializing Spring embedded WebApplicationContext
2024-12-12T00:08:01.543+01:00  INFO 34340 --- [bookit] [restartedMain] w.s.c.ServletWebServerApplicationContext : Root WebApplicationContext: initialization completed in 815 ms
2024-12-12T00:08:01.621+01:00  INFO 34340 --- [bookit] [restartedMain] o.hibernate.jpa.internal.util.LogHelper  : HHH000204: Processing PersistenceUnitInfo [name: default]
2024-12-12T00:08:01.643+01:00  INFO 34340 --- [bookit] [restartedMain] org.hibernate.Version                    : HHH000412: Hibernate ORM core version 6.6.2.Final
2024-12-12T00:08:01.656+01:00  INFO 34340 --- [bookit] [restartedMain] o.h.c.internal.RegionFactoryInitiator    : HHH000026: Second-level cache disabled
2024-12-12T00:08:01.778+01:00  INFO 34340 --- [bookit] [restartedMain] o.s.o.j.p.SpringPersistenceUnitInfo      : No LoadTimeWeaver setup: ignoring JPA class transformer
2024-12-12T00:08:01.791+01:00  INFO 34340 --- [bookit] [restartedMain] com.zaxxer.hikari.HikariDataSource       : HikariPool-1 - Starting...
2024-12-12T00:08:01.918+01:00  INFO 34340 --- [bookit] [restartedMain] com.zaxxer.hikari.pool.HikariPool        : HikariPool-1 - Added connection com.mysql.cj.jdbc.ConnectionImpl@671f777f
2024-12-12T00:08:01.918+01:00  INFO 34340 --- [bookit] [restartedMain] com.zaxxer.hikari.HikariDataSource       : HikariPool-1 - Start completed.
2024-12-12T00:08:01.961+01:00  INFO 34340 --- [bookit] [restartedMain] org.hibernate.orm.connections.pooling    : HHH10001005: Database info:
	Database JDBC URL [Connecting through datasource 'HikariDataSource (HikariPool-1)']
	Database driver: undefined/unknown
	Database version: 8.0.39
	Autocommit mode: undefined/unknown
	Isolation level: undefined/unknown
	Minimum pool size: undefined/unknown
	Maximum pool size: undefined/unknown
2024-12-12T00:08:02.335+01:00  INFO 34340 --- [bookit] [restartedMain] o.h.e.t.j.p.i.JtaPlatformInitiator       : HHH000489: No JTA platform available (set 'hibernate.transaction.jta.platform' to enable JTA platform integration)
2024-12-12T00:08:02.356+01:00  INFO 34340 --- [bookit] [restartedMain] j.LocalContainerEntityManagerFactoryBean : Initialized JPA EntityManagerFactory for persistence unit 'default'
2024-12-12T00:08:02.609+01:00  WARN 34340 --- [bookit] [restartedMain] JpaBaseConfiguration$JpaWebConfiguration : spring.jpa.open-in-view is enabled by default. Therefore, database queries may be performed during view rendering. Explicitly configure spring.jpa.open-in-view to disable this warning
2024-12-12T00:08:02.623+01:00  INFO 34340 --- [bookit] [restartedMain] r$InitializeUserDetailsManagerConfigurer : Global AuthenticationManager configured with UserDetailsService bean with name customUserDetailsService
2024-12-12T00:08:02.655+01:00  INFO 34340 --- [bookit] [restartedMain] o.s.b.a.w.s.WelcomePageHandlerMapping    : Adding welcome page template: index
2024-12-12T00:08:02.860+01:00  INFO 34340 --- [bookit] [restartedMain] o.s.b.d.a.OptionalLiveReloadServer       : LiveReload server is running on port 35729
2024-12-12T00:08:02.877+01:00  INFO 34340 --- [bookit] [restartedMain] o.s.b.w.embedded.tomcat.TomcatWebServer  : Tomcat started on port 8080 (http) with context path '/'
2024-12-12T00:08:02.882+01:00  INFO 34340 --- [bookit] [restartedMain] d.gajownik.bookit.BookitApplicationKt    : Started BookitApplicationKt in 2.385 seconds (process running for 2.664)
2024-12-12T00:08:10.659+01:00  INFO 34340 --- [bookit] [http-nio-8080-exec-1] o.a.c.c.C.[Tomcat].[localhost].[/]       : Initializing Spring DispatcherServlet 'dispatcherServlet'
2024-12-12T00:08:10.659+01:00  INFO 34340 --- [bookit] [http-nio-8080-exec-1] o.s.web.servlet.DispatcherServlet        : Initializing Servlet 'dispatcherServlet'
2024-12-12T00:08:10.660+01:00  INFO 34340 --- [bookit] [http-nio-8080-exec-1] o.s.web.servlet.DispatcherServlet        : Completed initialization in 1 ms
2024-12-12T00:09:00.235+01:00  INFO 34340 --- [bookit] [SpringApplicationShutdownHook] o.s.b.w.e.tomcat.GracefulShutdown        : Commencing graceful shutdown. Waiting for active requests to complete
2024-12-12T00:09:00.360+01:00  INFO 34340 --- [bookit] [tomcat-shutdown] o.s.b.w.e.tomcat.GracefulShutdown        : Graceful shutdown complete
2024-12-12T00:09:00.362+01:00  INFO 34340 --- [bookit] [SpringApplicationShutdownHook] j.LocalContainerEntityManagerFactoryBean : Closing JPA EntityManagerFactory for persistence unit 'default'
2024-12-12T00:09:00.364+01:00  INFO 34340 --- [bookit] [SpringApplicationShutdownHook] com.zaxxer.hikari.HikariDataSource       : HikariPool-1 - Shutdown initiated...
2024-12-12T00:09:00.367+01:00  INFO 34340 --- [bookit] [SpringApplicationShutdownHook] com.zaxxer.hikari.HikariDataSource       : HikariPool-1 - Shutdown completed.
2024-12-12T00:09:02.022+01:00  INFO 17204 --- [bookit] [restartedMain] d.gajownik.bookit.BookitApplicationKt    : Starting BookitApplicationKt using Java 17.0.13 with PID 17204 (C:\Users\dawid\Desktop\java\bookit\target\classes started by dawid in C:\Users\dawid\Desktop\java\bookit)
2024-12-12T00:09:02.023+01:00  INFO 17204 --- [bookit] [restartedMain] d.gajownik.bookit.BookitApplicationKt    : No active profile set, falling back to 1 default profile: "default"
2024-12-12T00:09:02.053+01:00  INFO 17204 --- [bookit] [restartedMain] .e.DevToolsPropertyDefaultsPostProcessor : Devtools property defaults active! Set 'spring.devtools.add-properties' to 'false' to disable
2024-12-12T00:09:02.054+01:00  INFO 17204 --- [bookit] [restartedMain] .e.DevToolsPropertyDefaultsPostProcessor : For additional web related logging consider setting the 'logging.level.web' property to 'DEBUG'
2024-12-12T00:09:02.534+01:00  INFO 17204 --- [bookit] [restartedMain] .s.d.r.c.RepositoryConfigurationDelegate : Bootstrapping Spring Data JPA repositories in DEFAULT mode.
2024-12-12T00:09:02.562+01:00  INFO 17204 --- [bookit] [restartedMain] .s.d.r.c.RepositoryConfigurationDelegate : Finished Spring Data repository scanning in 24 ms. Found 1 JPA repository interface.
2024-12-12T00:09:02.839+01:00  INFO 17204 --- [bookit] [restartedMain] o.s.b.w.embedded.tomcat.TomcatWebServer  : Tomcat initialized with port 8080 (http)
2024-12-12T00:09:02.846+01:00  INFO 17204 --- [bookit] [restartedMain] o.apache.catalina.core.StandardService   : Starting service [Tomcat]
2024-12-12T00:09:02.846+01:00  INFO 17204 --- [bookit] [restartedMain] o.apache.catalina.core.StandardEngine    : Starting Servlet engine: [Apache Tomcat/10.1.33]
2024-12-12T00:09:02.870+01:00  INFO 17204 --- [bookit] [restartedMain] o.a.c.c.C.[Tomcat].[localhost].[/]       : Initializing Spring embedded WebApplicationContext
2024-12-12T00:09:02.870+01:00  INFO 17204 --- [bookit] [restartedMain] w.s.c.ServletWebServerApplicationContext : Root WebApplicationContext: initialization completed in 816 ms
2024-12-12T00:09:02.972+01:00  INFO 17204 --- [bookit] [restartedMain] o.hibernate.jpa.internal.util.LogHelper  : HHH000204: Processing PersistenceUnitInfo [name: default]
2024-12-12T00:09:02.994+01:00  INFO 17204 --- [bookit] [restartedMain] org.hibernate.Version                    : HHH000412: Hibernate ORM core version 6.6.2.Final
2024-12-12T00:09:03.007+01:00  INFO 17204 --- [bookit] [restartedMain] o.h.c.internal.RegionFactoryInitiator    : HHH000026: Second-level cache disabled
2024-12-12T00:09:03.128+01:00  INFO 17204 --- [bookit] [restartedMain] o.s.o.j.p.SpringPersistenceUnitInfo      : No LoadTimeWeaver setup: ignoring JPA class transformer
2024-12-12T00:09:03.141+01:00  INFO 17204 --- [bookit] [restartedMain] com.zaxxer.hikari.HikariDataSource       : HikariPool-1 - Starting...
2024-12-12T00:09:03.266+01:00  INFO 17204 --- [bookit] [restartedMain] com.zaxxer.hikari.pool.HikariPool        : HikariPool-1 - Added connection com.mysql.cj.jdbc.ConnectionImpl@3466f2f7
2024-12-12T00:09:03.271+01:00  INFO 17204 --- [bookit] [restartedMain] com.zaxxer.hikari.HikariDataSource       : HikariPool-1 - Start completed.
2024-12-12T00:09:03.313+01:00  INFO 17204 --- [bookit] [restartedMain] org.hibernate.orm.connections.pooling    : HHH10001005: Database info:
	Database JDBC URL [Connecting through datasource 'HikariDataSource (HikariPool-1)']
	Database driver: undefined/unknown
	Database version: 8.0.39
	Autocommit mode: undefined/unknown
	Isolation level: undefined/unknown
	Minimum pool size: undefined/unknown
	Maximum pool size: undefined/unknown
2024-12-12T00:09:03.685+01:00  INFO 17204 --- [bookit] [restartedMain] o.h.e.t.j.p.i.JtaPlatformInitiator       : HHH000489: No JTA platform available (set 'hibernate.transaction.jta.platform' to enable JTA platform integration)
2024-12-12T00:09:03.707+01:00  INFO 17204 --- [bookit] [restartedMain] j.LocalContainerEntityManagerFactoryBean : Initialized JPA EntityManagerFactory for persistence unit 'default'
2024-12-12T00:09:03.967+01:00  WARN 17204 --- [bookit] [restartedMain] JpaBaseConfiguration$JpaWebConfiguration : spring.jpa.open-in-view is enabled by default. Therefore, database queries may be performed during view rendering. Explicitly configure spring.jpa.open-in-view to disable this warning
2024-12-12T00:09:03.981+01:00  INFO 17204 --- [bookit] [restartedMain] r$InitializeUserDetailsManagerConfigurer : Global AuthenticationManager configured with UserDetailsService bean with name customUserDetailsService
2024-12-12T00:09:04.013+01:00  INFO 17204 --- [bookit] [restartedMain] o.s.b.a.w.s.WelcomePageHandlerMapping    : Adding welcome page template: index
2024-12-12T00:09:04.221+01:00  INFO 17204 --- [bookit] [restartedMain] o.s.b.d.a.OptionalLiveReloadServer       : LiveReload server is running on port 35729
2024-12-12T00:09:04.238+01:00  INFO 17204 --- [bookit] [restartedMain] o.s.b.w.embedded.tomcat.TomcatWebServer  : Tomcat started on port 8080 (http) with context path '/'
2024-12-12T00:09:04.242+01:00  INFO 17204 --- [bookit] [restartedMain] d.gajownik.bookit.BookitApplicationKt    : Started BookitApplicationKt in 2.423 seconds (process running for 2.7)
2024-12-12T00:09:05.486+01:00  INFO 17204 --- [bookit] [http-nio-8080-exec-2] o.a.c.c.C.[Tomcat].[localhost].[/]       : Initializing Spring DispatcherServlet 'dispatcherServlet'
2024-12-12T00:09:05.486+01:00  INFO 17204 --- [bookit] [http-nio-8080-exec-2] o.s.web.servlet.DispatcherServlet        : Initializing Servlet 'dispatcherServlet'
2024-12-12T00:09:05.487+01:00  INFO 17204 --- [bookit] [http-nio-8080-exec-2] o.s.web.servlet.DispatcherServlet        : Completed initialization in 1 ms
2024-12-12T00:09:40.442+01:00  INFO 17204 --- [bookit] [SpringApplicationShutdownHook] o.s.b.w.e.tomcat.GracefulShutdown        : Commencing graceful shutdown. Waiting for active requests to complete
2024-12-12T00:09:40.566+01:00  INFO 17204 --- [bookit] [tomcat-shutdown] o.s.b.w.e.tomcat.GracefulShutdown        : Graceful shutdown complete
2024-12-12T00:09:40.569+01:00  INFO 17204 --- [bookit] [SpringApplicationShutdownHook] j.LocalContainerEntityManagerFactoryBean : Closing JPA EntityManagerFactory for persistence unit 'default'
2024-12-12T00:09:40.570+01:00  INFO 17204 --- [bookit] [SpringApplicationShutdownHook] com.zaxxer.hikari.HikariDataSource       : HikariPool-1 - Shutdown initiated...
2024-12-12T00:09:40.574+01:00  INFO 17204 --- [bookit] [SpringApplicationShutdownHook] com.zaxxer.hikari.HikariDataSource       : HikariPool-1 - Shutdown completed.
2024-12-12T00:09:42.262+01:00  INFO 3096 --- [bookit] [restartedMain] d.gajownik.bookit.BookitApplicationKt    : Starting BookitApplicationKt using Java 17.0.13 with PID 3096 (C:\Users\dawid\Desktop\java\bookit\target\classes started by dawid in C:\Users\dawid\Desktop\java\bookit)
2024-12-12T00:09:42.263+01:00  INFO 3096 --- [bookit] [restartedMain] d.gajownik.bookit.BookitApplicationKt    : No active profile set, falling back to 1 default profile: "default"
2024-12-12T00:09:42.291+01:00  INFO 3096 --- [bookit] [restartedMain] .e.DevToolsPropertyDefaultsPostProcessor : Devtools property defaults active! Set 'spring.devtools.add-properties' to 'false' to disable
2024-12-12T00:09:42.291+01:00  INFO 3096 --- [bookit] [restartedMain] .e.DevToolsPropertyDefaultsPostProcessor : For additional web related logging consider setting the 'logging.level.web' property to 'DEBUG'
2024-12-12T00:09:42.779+01:00  INFO 3096 --- [bookit] [restartedMain] .s.d.r.c.RepositoryConfigurationDelegate : Bootstrapping Spring Data JPA repositories in DEFAULT mode.
2024-12-12T00:09:42.803+01:00  INFO 3096 --- [bookit] [restartedMain] .s.d.r.c.RepositoryConfigurationDelegate : Finished Spring Data repository scanning in 20 ms. Found 1 JPA repository interface.
2024-12-12T00:09:43.068+01:00  INFO 3096 --- [bookit] [restartedMain] o.s.b.w.embedded.tomcat.TomcatWebServer  : Tomcat initialized with port 8080 (http)
2024-12-12T00:09:43.074+01:00  INFO 3096 --- [bookit] [restartedMain] o.apache.catalina.core.StandardService   : Starting service [Tomcat]
2024-12-12T00:09:43.075+01:00  INFO 3096 --- [bookit] [restartedMain] o.apache.catalina.core.StandardEngine    : Starting Servlet engine: [Apache Tomcat/10.1.33]
2024-12-12T00:09:43.099+01:00  INFO 3096 --- [bookit] [restartedMain] o.a.c.c.C.[Tomcat].[localhost].[/]       : Initializing Spring embedded WebApplicationContext
2024-12-12T00:09:43.099+01:00  INFO 3096 --- [bookit] [restartedMain] w.s.c.ServletWebServerApplicationContext : Root WebApplicationContext: initialization completed in 808 ms
2024-12-12T00:09:43.185+01:00  INFO 3096 --- [bookit] [restartedMain] o.hibernate.jpa.internal.util.LogHelper  : HHH000204: Processing PersistenceUnitInfo [name: default]
2024-12-12T00:09:43.208+01:00  INFO 3096 --- [bookit] [restartedMain] org.hibernate.Version                    : HHH000412: Hibernate ORM core version 6.6.2.Final
2024-12-12T00:09:43.222+01:00  INFO 3096 --- [bookit] [restartedMain] o.h.c.internal.RegionFactoryInitiator    : HHH000026: Second-level cache disabled
2024-12-12T00:09:43.350+01:00  INFO 3096 --- [bookit] [restartedMain] o.s.o.j.p.SpringPersistenceUnitInfo      : No LoadTimeWeaver setup: ignoring JPA class transformer
2024-12-12T00:09:43.365+01:00  INFO 3096 --- [bookit] [restartedMain] com.zaxxer.hikari.HikariDataSource       : HikariPool-1 - Starting...
2024-12-12T00:09:43.496+01:00  INFO 3096 --- [bookit] [restartedMain] com.zaxxer.hikari.pool.HikariPool        : HikariPool-1 - Added connection com.mysql.cj.jdbc.ConnectionImpl@205b64b
2024-12-12T00:09:43.497+01:00  INFO 3096 --- [bookit] [restartedMain] com.zaxxer.hikari.HikariDataSource       : HikariPool-1 - Start completed.
2024-12-12T00:09:43.539+01:00  INFO 3096 --- [bookit] [restartedMain] org.hibernate.orm.connections.pooling    : HHH10001005: Database info:
	Database JDBC URL [Connecting through datasource 'HikariDataSource (HikariPool-1)']
	Database driver: undefined/unknown
	Database version: 8.0.39
	Autocommit mode: undefined/unknown
	Isolation level: undefined/unknown
	Minimum pool size: undefined/unknown
	Maximum pool size: undefined/unknown
2024-12-12T00:09:43.917+01:00  INFO 3096 --- [bookit] [restartedMain] o.h.e.t.j.p.i.JtaPlatformInitiator       : HHH000489: No JTA platform available (set 'hibernate.transaction.jta.platform' to enable JTA platform integration)
2024-12-12T00:09:43.937+01:00  INFO 3096 --- [bookit] [restartedMain] j.LocalContainerEntityManagerFactoryBean : Initialized JPA EntityManagerFactory for persistence unit 'default'
2024-12-12T00:09:44.193+01:00  WARN 3096 --- [bookit] [restartedMain] JpaBaseConfiguration$JpaWebConfiguration : spring.jpa.open-in-view is enabled by default. Therefore, database queries may be performed during view rendering. Explicitly configure spring.jpa.open-in-view to disable this warning
2024-12-12T00:09:44.206+01:00  INFO 3096 --- [bookit] [restartedMain] r$InitializeUserDetailsManagerConfigurer : Global AuthenticationManager configured with UserDetailsService bean with name customUserDetailsService
2024-12-12T00:09:44.238+01:00  INFO 3096 --- [bookit] [restartedMain] o.s.b.a.w.s.WelcomePageHandlerMapping    : Adding welcome page template: index
2024-12-12T00:09:44.438+01:00  INFO 3096 --- [bookit] [restartedMain] o.s.b.d.a.OptionalLiveReloadServer       : LiveReload server is running on port 35729
2024-12-12T00:09:44.456+01:00  INFO 3096 --- [bookit] [restartedMain] o.s.b.w.embedded.tomcat.TomcatWebServer  : Tomcat started on port 8080 (http) with context path '/'
2024-12-12T00:09:44.460+01:00  INFO 3096 --- [bookit] [restartedMain] d.gajownik.bookit.BookitApplicationKt    : Started BookitApplicationKt in 2.395 seconds (process running for 2.675)
2024-12-12T00:09:46.317+01:00  INFO 3096 --- [bookit] [http-nio-8080-exec-2] o.a.c.c.C.[Tomcat].[localhost].[/]       : Initializing Spring DispatcherServlet 'dispatcherServlet'
2024-12-12T00:09:46.318+01:00  INFO 3096 --- [bookit] [http-nio-8080-exec-2] o.s.web.servlet.DispatcherServlet        : Initializing Servlet 'dispatcherServlet'
2024-12-12T00:09:46.318+01:00  INFO 3096 --- [bookit] [http-nio-8080-exec-2] o.s.web.servlet.DispatcherServlet        : Completed initialization in 0 ms
2024-12-12T00:10:34.263+01:00  INFO 3096 --- [bookit] [SpringApplicationShutdownHook] o.s.b.w.e.tomcat.GracefulShutdown        : Commencing graceful shutdown. Waiting for active requests to complete
2024-12-12T00:10:34.390+01:00  INFO 3096 --- [bookit] [tomcat-shutdown] o.s.b.w.e.tomcat.GracefulShutdown        : Graceful shutdown complete
2024-12-12T00:10:34.393+01:00  INFO 3096 --- [bookit] [SpringApplicationShutdownHook] j.LocalContainerEntityManagerFactoryBean : Closing JPA EntityManagerFactory for persistence unit 'default'
2024-12-12T00:10:34.395+01:00  INFO 3096 --- [bookit] [SpringApplicationShutdownHook] com.zaxxer.hikari.HikariDataSource       : HikariPool-1 - Shutdown initiated...
2024-12-12T00:10:34.398+01:00  INFO 3096 --- [bookit] [SpringApplicationShutdownHook] com.zaxxer.hikari.HikariDataSource       : HikariPool-1 - Shutdown completed.
